02/06/2020 10:54:21 PM [msc] -- (Error) ..Reduce restart: Failed to CopyFile from C:\Program Files (x86)\McAfee\Temp\qxz9C2\install.ini to C:\Program Files\McAfee\MSC\Partner\SAInstallManager\install.ini, error code = 2
02/06/2020 10:54:21 PM [msc] -- (Error) ..Reduce restart: Failed to CopyFile from C:\Program Files (x86)\McAfee\Temp\qxz9C2\mcinst.exe to C:\Program Files\McAfee\MSC\Partner\SAInstallManager\mcinst.exe, error code = 2
02/06/2020 10:54:21 PM [msc] -- (Error) ..Reduce restart: Failed to CopyFile from C:\Program Files (x86)\McAfee\Temp\qxz9C2\mcplgui.dll to C:\Program Files\McAfee\MSC\Partner\SAInstallManager\mcplgui.dll, error code = 2
02/06/2020 10:54:21 PM [msc] -- (Error) ..Reduce restart: Failed to CopyFile from C:\Program Files (x86)\McAfee\Temp\qxz9C2\McSacIns.dll to C:\Program Files\McAfee\MSC\Partner\SAInstallManager\McSacIns.dll, error code = 2
02/06/2020 10:54:21 PM [msc] -- (Error) ..Reduce restart: Failed to CopyFile from C:\Program Files (x86)\McAfee\Temp\qxz9C2\mfeasins_x64.exe to C:\Program Files\McAfee\MSC\Partner\SAInstallManager\mfeasins_x64.exe, error code = 2
02/06/2020 10:54:21 PM [msc] -- (Error) ..Reduce restart: Failed to CopyFile from C:\Program Files (x86)\McAfee\Temp\qxz9C2\mfeasins_x86.exe to C:\Program Files\McAfee\MSC\Partner\SAInstallManager\mfeasins_x86.exe, error code = 2
02/06/2020 10:54:21 PM [msc] -- (Error) ..Reduce restart: Failed to CopyFile from C:\Program Files (x86)\McAfee\Temp\qxz9C2\msac.ico to C:\Program Files\McAfee\MSC\Partner\SAInstallManager\msac.ico, error code = 2
02/06/2020 10:54:21 PM [msc] -- (Error) ..Reduce restart: Failed to CopyFile from C:\Program Files (x86)\McAfee\Temp\qxz9C2\MSADMLKit.cab to C:\Program Files\McAfee\MSC\Partner\SAInstallManager\MSADMLKit.cab, error code = 2
02/06/2020 10:54:21 PM [msc] -- (Error) ..Reduce restart: Failed to CopyFile from C:\Program Files (x86)\McAfee\Temp\qxz9C2\SA_indep.cab to C:\Program Files\McAfee\MSC\Partner\SAInstallManager\SA_indep.cab, error code = 2
02/06/2020 10:54:21 PM [msc] -- (Error) ..Reduce restart: Failed to CopyFile from C:\Program Files (x86)\McAfee\Temp\qxz9C2\SA_INF.cab to C:\Program Files\McAfee\MSC\Partner\SAInstallManager\SA_INF.cab, error code = 2
02/06/2020 10:54:21 PM [msc] -- (Error) ..Reduce restart: Failed to CopyFile from C:\Program Files (x86)\McAfee\Temp\qxz9C2\SA_L10n.cab to C:\Program Files\McAfee\MSC\Partner\SAInstallManager\SA_L10n.cab, error code = 2
02/06/2020 10:54:21 PM [msc] -- (Error) ..Reduce restart: Failed to CopyFile from C:\Program Files (x86)\McAfee\Temp\qxz9C2\SA_main.inf to C:\Program Files\McAfee\MSC\Partner\SAInstallManager\SA_main.inf, error code = 2
02/06/2020 10:54:21 PM [msc] -- (Error) ..Reduce restart: Failed to CopyFile from C:\Program Files (x86)\McAfee\Temp\qxz9C2\SA_PreInstall.cab to C:\Program Files\McAfee\MSC\Partner\SAInstallManager\SA_PreInstall.cab, error code = 2
02/06/2020 10:54:21 PM [msc] -- (Error) ..Reduce restart: Failed to CopyFile from C:\Program Files (x86)\McAfee\Temp\qxz9C2\SA_win32.cab to C:\Program Files\McAfee\MSC\Partner\SAInstallManager\SA_win32.cab, error code = 2
02/06/2020 10:54:21 PM [msc] -- (Error) ..Reduce restart: Failed to CopyFile from C:\Program Files (x86)\McAfee\Temp\qxz9C2\SA_x64.cab to C:\Program Files\McAfee\MSC\Partner\SAInstallManager\SA_x64.cab, error code = 2
02/06/2020 10:54:21 PM [msc] -- (Error) ..Reduce restart: Failed to CopyFile from C:\Program Files (x86)\McAfee\Temp\qxz9C2\SACore_indep.cab to C:\Program Files\McAfee\MSC\Partner\SAInstallManager\SACore_indep.cab, error code = 2
02/06/2020 10:54:21 PM [msc] -- (Error) ..Reduce restart: Failed to CopyFile from C:\Program Files (x86)\McAfee\Temp\qxz9C2\SACore_win32.cab to C:\Program Files\McAfee\MSC\Partner\SAInstallManager\SACore_win32.cab, error code = 2
02/06/2020 10:54:21 PM [msc] -- (Error) ..Reduce restart: Failed to CopyFile from C:\Program Files (x86)\McAfee\Temp\qxz9C2\SACore_x64.cab to C:\Program Files\McAfee\MSC\Partner\SAInstallManager\SACore_x64.cab, error code = 2
02/06/2020 10:54:21 PM [msc] -- (Error) ..Reduce restart: Failed to CopyFile from C:\Program Files (x86)\McAfee\Temp\qxz9C2\saInst.exe to C:\Program Files\McAfee\MSC\Partner\SAInstallManager\saInst.exe, error code = 2
02/06/2020 10:54:21 PM [msc] -- (Error) ..Reduce restart: Failed to CopyFile from C:\Program Files (x86)\McAfee\Temp\qxz9C2\sares.dll to C:\Program Files\McAfee\MSC\Partner\SAInstallManager\sares.dll, error code = 2
02/06/2020 10:54:21 PM [msc] -- (Error) ..Reduce restart: Failed to CopyFile from C:\Program Files (x86)\McAfee\Temp\qxz9C2\TBCore_indep.cab to C:\Program Files\McAfee\MSC\Partner\SAInstallManager\TBCore_indep.cab, error code = 2
02/06/2020 10:54:21 PM [msc] -- (Error) ..Reduce restart: Failed to CopyFile from C:\Program Files (x86)\McAfee\Temp\qxz9C2\TBCore_x64.cab to C:\Program Files\McAfee\MSC\Partner\SAInstallManager\TBCore_x64.cab, error code = 2
